{"/home/runner/work/milo.contact/milo.contact/app/api/projects/update/[id]/route.ts": {"path":"/home/runner/work/milo.contact/milo.contact/app/api/projects/update/[id]/route.ts","statementMap":{"0":{"start":{"line":6,"column":2},"end":{"line":112,"column":3}},"1":{"start":{"line":7,"column":22},"end":{"line":7,"column":31}},"2":{"start":{"line":10,"column":23},"end":{"line":10,"column":29}},"3":{"start":{"line":11,"column":4},"end":{"line":11,"column":39}},"4":{"start":{"line":13,"column":4},"end":{"line":19,"column":5}},"5":{"start":{"line":14,"column":6},"end":{"line":14,"column":46}},"6":{"start":{"line":15,"column":6},"end":{"line":18,"column":25}},"7":{"start":{"line":22,"column":31},"end":{"line":22,"column":65}},"8":{"start":{"line":24,"column":4},"end":{"line":31,"column":5}},"9":{"start":{"line":25,"column":6},"end":{"line":30,"column":25}},"10":{"start":{"line":34,"column":21},"end":{"line":34,"column":58}},"11":{"start":{"line":36,"column":24},"end":{"line":36,"column":44}},"12":{"start":{"line":38,"column":4},"end":{"line":38,"column":59}},"13":{"start":{"line":41,"column":27},"end":{"line":41,"column":65}},"14":{"start":{"line":42,"column":26},"end":{"line":45,"column":6}},"15":{"start":{"line":43,"column":20},"end":{"line":43,"column":38}},"16":{"start":{"line":44,"column":6},"end":{"line":44,"column":66}},"17":{"start":{"line":47,"column":4},"end":{"line":62,"column":5}},"18":{"start":{"line":48,"column":6},"end":{"line":50,"column":8}},"19":{"start":{"line":52,"column":6},"end":{"line":61,"column":7}},"20":{"start":{"line":65,"column":28},"end":{"line":65,"column":108}},"21":{"start":{"line":67,"column":4},"end":{"line":82,"column":5}},"22":{"start":{"line":68,"column":6},"end":{"line":68,"column":53}},"23":{"start":{"line":69,"column":6},"end":{"line":81,"column":7}},"24":{"start":{"line":84,"column":4},"end":{"line":88,"column":6}},"25":{"start":{"line":90,"column":4},"end":{"line":90,"column":62}},"26":{"start":{"line":93,"column":17},"end":{"line":93,"column":21}},"27":{"start":{"line":94,"column":4},"end":{"line":99,"column":5}},"28":{"start":{"line":95,"column":25},"end":{"line":95,"column":31}},"29":{"start":{"line":96,"column":6},"end":{"line":96,"column":32}},"30":{"start":{"line":98,"column":6},"end":{"line":98,"column":70}},"31":{"start":{"line":101,"column":4},"end":{"line":111,"column":5}}},"fnMap":{"0":{"name":"PUT","decl":{"start":{"line":5,"column":22},"end":{"line":5,"column":25}},"loc":{"start":{"line":5,"column":84},"end":{"line":113,"column":1}},"line":5},"1":{"name":"(anonymous_1)","decl":{"start":{"line":42,"column":48},"end":{"line":42,"column":49}},"loc":{"start":{"line":42,"column":59},"end":{"line":45,"column":5}},"line":42}},"branchMap":{"0":{"loc":{"start":{"line":13,"column":4},"end":{"line":19,"column":5}},"type":"if","locations":[{"start":{"line":13,"column":4},"end":{"line":19,"column":5}},{"start":{},"end":{}}],"line":13},"1":{"loc":{"start":{"line":24,"column":4},"end":{"line":31,"column":5}},"type":"if","locations":[{"start":{"line":24,"column":4},"end":{"line":31,"column":5}},{"start":{},"end":{}}],"line":24},"2":{"loc":{"start":{"line":44,"column":13},"end":{"line":44,"column":66}},"type":"binary-expr","locations":[{"start":{"line":44,"column":13},"end":{"line":44,"column":32}},{"start":{"line":44,"column":36},"end":{"line":44,"column":50}},{"start":{"line":44,"column":54},"end":{"line":44,"column":66}}],"line":44},"3":{"loc":{"start":{"line":47,"column":4},"end":{"line":62,"column":5}},"type":"if","locations":[{"start":{"line":47,"column":4},"end":{"line":62,"column":5}},{"start":{},"end":{}}],"line":47},"4":{"loc":{"start":{"line":67,"column":4},"end":{"line":82,"column":5}},"type":"if","locations":[{"start":{"line":67,"column":4},"end":{"line":82,"column":5}},{"start":{},"end":{}}],"line":67},"5":{"loc":{"start":{"line":104,"column":15},"end":{"line":104,"column":80}},"type":"cond-expr","locations":[{"start":{"line":104,"column":40},"end":{"line":104,"column":53}},{"start":{"line":104,"column":56},"end":{"line":104,"column":80}}],"line":104},"6":{"loc":{"start":{"line":107,"column":22},"end":{"line":107,"column":78}},"type":"cond-expr","locations":[{"start":{"line":107,"column":47},"end":{"line":107,"column":60}},{"start":{"line":107,"column":63},"end":{"line":107,"column":78}}],"line":107},"7":{"loc":{"start":{"line":108,"column":15},"end":{"line":108,"column":118}},"type":"cond-expr","locations":[{"start":{"line":108,"column":57},"end":{"line":108,"column":105}},{"start":{"line":108,"column":109},"end":{"line":108,"column":118}}],"line":108},"8":{"loc":{"start":{"line":108,"column":57},"end":{"line":108,"column":105}},"type":"cond-expr","locations":[{"start":{"line":108,"column":82},"end":{"line":108,"column":93}},{"start":{"line":108,"column":96},"end":{"line":108,"column":105}}],"line":108}},"s":{"0":1,"1":1,"2":1,"3":1,"4":1,"5":0,"6":0,"7":1,"8":1,"9":0,"10":1,"11":1,"12":1,"13":1,"14":1,"15":4,"16":4,"17":1,"18":0,"19":0,"20":1,"21":1,"22":0,"23":0,"24":1,"25":0,"26":0,"27":0,"28":0,"29":0,"30":0,"31":0},"f":{"0":1,"1":4},"b":{"0":[0,1],"1":[0,1],"2":[4,4,4],"3":[0,1],"4":[0,1],"5":[0,0],"6":[0,0],"7":[0,0],"8":[0,0]},"_coverageSchema":"1a1c01bbd47fc00a2c39e90264f33305004495a9","hash":"16ebee45d59ac75c35daf934797122553c811eea"}
,"/home/runner/work/milo.contact/milo.contact/lib/auth-server.ts": {"path":"/home/runner/work/milo.contact/milo.contact/lib/auth-server.ts","statementMap":{"0":{"start":{"line":31,"column":22},"end":{"line":31,"column":58}},"1":{"start":{"line":32,"column":29},"end":{"line":32,"column":66}},"2":{"start":{"line":34,"column":2},"end":{"line":36,"column":3}},"3":{"start":{"line":35,"column":4},"end":{"line":35,"column":91}},"4":{"start":{"line":38,"column":27},"end":{"line":38,"column":64}},"5":{"start":{"line":39,"column":2},"end":{"line":44,"column":4}},"6":{"start":{"line":53,"column":2},"end":{"line":93,"column":3}},"7":{"start":{"line":54,"column":4},"end":{"line":54,"column":84}},"8":{"start":{"line":57,"column":17},"end":{"line":57,"column":56}},"9":{"start":{"line":58,"column":4},"end":{"line":61,"column":5}},"10":{"start":{"line":59,"column":6},"end":{"line":59,"column":76}},"11":{"start":{"line":60,"column":6},"end":{"line":60,"column":18}},"12":{"start":{"line":64,"column":25},"end":{"line":66,"column":10}},"13":{"start":{"line":68,"column":4},"end":{"line":68,"column":67}},"14":{"start":{"line":71,"column":4},"end":{"line":74,"column":5}},"15":{"start":{"line":72,"column":6},"end":{"line":72,"column":87}},"16":{"start":{"line":73,"column":6},"end":{"line":73,"column":17}},"17":{"start":{"line":77,"column":25},"end":{"line":77,"column":48}},"18":{"start":{"line":78,"column":4},"end":{"line":78,"column":88}},"19":{"start":{"line":81,"column":4},"end":{"line":86,"column":6}},"20":{"start":{"line":88,"column":4},"end":{"line":88,"column":88}},"21":{"start":{"line":89,"column":4},"end":{"line":89,"column":15}},"22":{"start":{"line":91,"column":4},"end":{"line":91,"column":73}},"23":{"start":{"line":92,"column":4},"end":{"line":92,"column":16}},"24":{"start":{"line":101,"column":2},"end":{"line":141,"column":3}},"25":{"start":{"line":102,"column":4},"end":{"line":102,"column":81}},"26":{"start":{"line":105,"column":17},"end":{"line":105,"column":56}},"27":{"start":{"line":106,"column":4},"end":{"line":109,"column":5}},"28":{"start":{"line":107,"column":6},"end":{"line":107,"column":73}},"29":{"start":{"line":108,"column":6},"end":{"line":108,"column":18}},"30":{"start":{"line":112,"column":25},"end":{"line":114,"column":10}},"31":{"start":{"line":116,"column":4},"end":{"line":116,"column":64}},"32":{"start":{"line":119,"column":4},"end":{"line":122,"column":5}},"33":{"start":{"line":120,"column":6},"end":{"line":120,"column":84}},"34":{"start":{"line":121,"column":6},"end":{"line":121,"column":17}},"35":{"start":{"line":125,"column":25},"end":{"line":125,"column":61}},"36":{"start":{"line":125,"column":50},"end":{"line":125,"column":60}},"37":{"start":{"line":126,"column":4},"end":{"line":126,"column":87}},"38":{"start":{"line":129,"column":4},"end":{"line":134,"column":6}},"39":{"start":{"line":136,"column":4},"end":{"line":136,"column":89}},"40":{"start":{"line":137,"column":4},"end":{"line":137,"column":15}},"41":{"start":{"line":139,"column":4},"end":{"line":139,"column":70}},"42":{"start":{"line":140,"column":4},"end":{"line":140,"column":16}},"43":{"start":{"line":149,"column":2},"end":{"line":193,"column":3}},"44":{"start":{"line":150,"column":4},"end":{"line":150,"column":70}},"45":{"start":{"line":153,"column":4},"end":{"line":153,"column":59}},"46":{"start":{"line":154,"column":17},"end":{"line":154,"column":56}},"47":{"start":{"line":155,"column":4},"end":{"line":157,"column":5}},"48":{"start":{"line":156,"column":6},"end":{"line":156,"column":58}},"49":{"start":{"line":159,"column":4},"end":{"line":163,"column":6}},"50":{"start":{"line":166,"column":25},"end":{"line":166,"column":65}},"51":{"start":{"line":169,"column":25},"end":{"line":171,"column":10}},"52":{"start":{"line":173,"column":4},"end":{"line":173,"column":63}},"53":{"start":{"line":176,"column":4},"end":{"line":180,"column":5}},"54":{"start":{"line":177,"column":6},"end":{"line":177,"column":89}},"55":{"start":{"line":178,"column":30},"end":{"line":178,"column":70}},"56":{"start":{"line":179,"column":6},"end":{"line":179,"column":79}},"57":{"start":{"line":183,"column":24},"end":{"line":183,"column":63}},"58":{"start":{"line":184,"column":23},"end":{"line":186,"column":10}},"59":{"start":{"line":187,"column":4},"end":{"line":187,"column":78}},"60":{"start":{"line":189,"column":4},"end":{"line":189,"column":15}},"61":{"start":{"line":191,"column":4},"end":{"line":191,"column":69}},"62":{"start":{"line":192,"column":4},"end":{"line":192,"column":16}},"63":{"start":{"line":201,"column":2},"end":{"line":214,"column":3}},"64":{"start":{"line":202,"column":17},"end":{"line":202,"column":36}},"65":{"start":{"line":203,"column":4},"end":{"line":203,"column":27}},"66":{"start":{"line":203,"column":15},"end":{"line":203,"column":27}},"67":{"start":{"line":206,"column":18},"end":{"line":208,"column":10}},"68":{"start":{"line":210,"column":4},"end":{"line":210,"column":31}},"69":{"start":{"line":212,"column":4},"end":{"line":212,"column":48}},"70":{"start":{"line":213,"column":4},"end":{"line":213,"column":16}},"71":{"start":{"line":222,"column":2},"end":{"line":222,"column":31}},"72":{"start":{"line":231,"column":2},"end":{"line":252,"column":3}},"73":{"start":{"line":233,"column":17},"end":{"line":233,"column":56}},"74":{"start":{"line":234,"column":4},"end":{"line":236,"column":5}},"75":{"start":{"line":235,"column":6},"end":{"line":235,"column":18}},"76":{"start":{"line":239,"column":25},"end":{"line":239,"column":65}},"77":{"start":{"line":242,"column":18},"end":{"line":244,"column":10}},"78":{"start":{"line":245,"column":25},"end":{"line":245,"column":48}},"79":{"start":{"line":248,"column":4},"end":{"line":248,"column":39}},"80":{"start":{"line":250,"column":4},"end":{"line":250,"column":60}},"81":{"start":{"line":251,"column":4},"end":{"line":251,"column":16}},"82":{"start":{"line":260,"column":21},"end":{"line":260,"column":27}},"83":{"start":{"line":262,"column":2},"end":{"line":264,"column":3}},"84":{"start":{"line":263,"column":4},"end":{"line":263,"column":72}},"85":{"start":{"line":266,"column":2},"end":{"line":278,"column":3}},"86":{"start":{"line":267,"column":26},"end":{"line":267,"column":60}},"87":{"start":{"line":269,"column":4},"end":{"line":271,"column":5}},"88":{"start":{"line":270,"column":6},"end":{"line":270,"column":79}},"89":{"start":{"line":274,"column":4},"end":{"line":274,"column":15}},"90":{"start":{"line":276,"column":4},"end":{"line":276,"column":54}},"91":{"start":{"line":277,"column":4},"end":{"line":277,"column":86}},"92":{"start":{"line":285,"column":2},"end":{"line":305,"column":3}},"93":{"start":{"line":286,"column":4},"end":{"line":286,"column":67}},"94":{"start":{"line":289,"column":17},"end":{"line":289,"column":56}},"95":{"start":{"line":290,"column":4},"end":{"line":293,"column":5}},"96":{"start":{"line":291,"column":6},"end":{"line":291,"column":71}},"97":{"start":{"line":292,"column":6},"end":{"line":292,"column":15}},"98":{"start":{"line":296,"column":18},"end":{"line":298,"column":10}},"99":{"start":{"line":300,"column":4},"end":{"line":300,"column":72}},"100":{"start":{"line":301,"column":4},"end":{"line":301,"column":16}},"101":{"start":{"line":303,"column":4},"end":{"line":303,"column":53}},"102":{"start":{"line":304,"column":4},"end":{"line":304,"column":13}},"103":{"start":{"line":315,"column":2},"end":{"line":315,"column":51}}},"fnMap":{"0":{"name":"getRouteHandlerSupabaseClient","decl":{"start":{"line":30,"column":22},"end":{"line":30,"column":51}},"loc":{"start":{"line":30,"column":54},"end":{"line":45,"column":1}},"line":30},"1":{"name":"ensureUserHasRole","decl":{"start":{"line":52,"column":22},"end":{"line":52,"column":39}},"loc":{"start":{"line":52,"column":90},"end":{"line":94,"column":1}},"line":52},"2":{"name":"removeUserRole","decl":{"start":{"line":100,"column":22},"end":{"line":100,"column":36}},"loc":{"start":{"line":100,"column":87},"end":{"line":142,"column":1}},"line":100},"3":{"name":"(anonymous_3)","decl":{"start":{"line":125,"column":45},"end":{"line":125,"column":46}},"loc":{"start":{"line":125,"column":50},"end":{"line":125,"column":60}},"line":125},"4":{"name":"syncUserRoles","decl":{"start":{"line":148,"column":22},"end":{"line":148,"column":35}},"loc":{"start":{"line":148,"column":70},"end":{"line":194,"column":1}},"line":148},"5":{"name":"hasRoleServer","decl":{"start":{"line":200,"column":22},"end":{"line":200,"column":35}},"loc":{"start":{"line":200,"column":70},"end":{"line":215,"column":1}},"line":200},"6":{"name":"isAdminServer","decl":{"start":{"line":221,"column":22},"end":{"line":221,"column":35}},"loc":{"start":{"line":221,"column":56},"end":{"line":223,"column":1}},"line":221},"7":{"name":"checkAdminPermission","decl":{"start":{"line":230,"column":22},"end":{"line":230,"column":42}},"loc":{"start":{"line":230,"column":77},"end":{"line":253,"column":1}},"line":230},"8":{"name":"requireAdmin","decl":{"start":{"line":259,"column":22},"end":{"line":259,"column":34}},"loc":{"start":{"line":259,"column":83},"end":{"line":279,"column":1}},"line":259},"9":{"name":"getUserRoles","decl":{"start":{"line":284,"column":22},"end":{"line":284,"column":34}},"loc":{"start":{"line":284,"column":72},"end":{"line":306,"column":1}},"line":284},"10":{"name":"initAuthSync","decl":{"start":{"line":314,"column":22},"end":{"line":314,"column":34}},"loc":{"start":{"line":314,"column":37},"end":{"line":316,"column":1}},"line":314}},"branchMap":{"0":{"loc":{"start":{"line":34,"column":2},"end":{"line":36,"column":3}},"type":"if","locations":[{"start":{"line":34,"column":2},"end":{"line":36,"column":3}},{"start":{},"end":{}}],"line":34},"1":{"loc":{"start":{"line":34,"column":6},"end":{"line":34,"column":41}},"type":"binary-expr","locations":[{"start":{"line":34,"column":6},"end":{"line":34,"column":18}},{"start":{"line":34,"column":22},"end":{"line":34,"column":41}}],"line":34},"2":{"loc":{"start":{"line":58,"column":4},"end":{"line":61,"column":5}},"type":"if","locations":[{"start":{"line":58,"column":4},"end":{"line":61,"column":5}},{"start":{},"end":{}}],"line":58},"3":{"loc":{"start":{"line":64,"column":25},"end":{"line":66,"column":10}},"type":"cond-expr","locations":[{"start":{"line":65,"column":8},"end":{"line":65,"column":45}},{"start":{"line":66,"column":8},"end":{"line":66,"column":10}}],"line":64},"4":{"loc":{"start":{"line":71,"column":4},"end":{"line":74,"column":5}},"type":"if","locations":[{"start":{"line":71,"column":4},"end":{"line":74,"column":5}},{"start":{},"end":{}}],"line":71},"5":{"loc":{"start":{"line":106,"column":4},"end":{"line":109,"column":5}},"type":"if","locations":[{"start":{"line":106,"column":4},"end":{"line":109,"column":5}},{"start":{},"end":{}}],"line":106},"6":{"loc":{"start":{"line":112,"column":25},"end":{"line":114,"column":10}},"type":"cond-expr","locations":[{"start":{"line":113,"column":8},"end":{"line":113,"column":45}},{"start":{"line":114,"column":8},"end":{"line":114,"column":10}}],"line":112},"7":{"loc":{"start":{"line":119,"column":4},"end":{"line":122,"column":5}},"type":"if","locations":[{"start":{"line":119,"column":4},"end":{"line":122,"column":5}},{"start":{},"end":{}}],"line":119},"8":{"loc":{"start":{"line":155,"column":4},"end":{"line":157,"column":5}},"type":"if","locations":[{"start":{"line":155,"column":4},"end":{"line":157,"column":5}},{"start":{},"end":{}}],"line":155},"9":{"loc":{"start":{"line":169,"column":25},"end":{"line":171,"column":10}},"type":"cond-expr","locations":[{"start":{"line":170,"column":8},"end":{"line":170,"column":45}},{"start":{"line":171,"column":8},"end":{"line":171,"column":10}}],"line":169},"10":{"loc":{"start":{"line":176,"column":4},"end":{"line":180,"column":5}},"type":"if","locations":[{"start":{"line":176,"column":4},"end":{"line":180,"column":5}},{"start":{},"end":{}}],"line":176},"11":{"loc":{"start":{"line":176,"column":8},"end":{"line":176,"column":55}},"type":"binary-expr","locations":[{"start":{"line":176,"column":8},"end":{"line":176,"column":20}},{"start":{"line":176,"column":24},"end":{"line":176,"column":55}}],"line":176},"12":{"loc":{"start":{"line":184,"column":23},"end":{"line":186,"column":10}},"type":"cond-expr","locations":[{"start":{"line":185,"column":8},"end":{"line":185,"column":52}},{"start":{"line":186,"column":8},"end":{"line":186,"column":10}}],"line":184},"13":{"loc":{"start":{"line":203,"column":4},"end":{"line":203,"column":27}},"type":"if","locations":[{"start":{"line":203,"column":4},"end":{"line":203,"column":27}},{"start":{},"end":{}}],"line":203},"14":{"loc":{"start":{"line":206,"column":18},"end":{"line":208,"column":10}},"type":"cond-expr","locations":[{"start":{"line":207,"column":8},"end":{"line":207,"column":45}},{"start":{"line":208,"column":8},"end":{"line":208,"column":10}}],"line":206},"15":{"loc":{"start":{"line":234,"column":4},"end":{"line":236,"column":5}},"type":"if","locations":[{"start":{"line":234,"column":4},"end":{"line":236,"column":5}},{"start":{},"end":{}}],"line":234},"16":{"loc":{"start":{"line":242,"column":18},"end":{"line":244,"column":10}},"type":"cond-expr","locations":[{"start":{"line":243,"column":8},"end":{"line":243,"column":45}},{"start":{"line":244,"column":8},"end":{"line":244,"column":10}}],"line":242},"17":{"loc":{"start":{"line":248,"column":11},"end":{"line":248,"column":39}},"type":"binary-expr","locations":[{"start":{"line":248,"column":11},"end":{"line":248,"column":23}},{"start":{"line":248,"column":27},"end":{"line":248,"column":39}}],"line":248},"18":{"loc":{"start":{"line":262,"column":2},"end":{"line":264,"column":3}},"type":"if","locations":[{"start":{"line":262,"column":2},"end":{"line":264,"column":3}},{"start":{},"end":{}}],"line":262},"19":{"loc":{"start":{"line":269,"column":4},"end":{"line":271,"column":5}},"type":"if","locations":[{"start":{"line":269,"column":4},"end":{"line":271,"column":5}},{"start":{},"end":{}}],"line":269},"20":{"loc":{"start":{"line":290,"column":4},"end":{"line":293,"column":5}},"type":"if","locations":[{"start":{"line":290,"column":4},"end":{"line":293,"column":5}},{"start":{},"end":{}}],"line":290},"21":{"loc":{"start":{"line":296,"column":18},"end":{"line":298,"column":10}},"type":"cond-expr","locations":[{"start":{"line":297,"column":8},"end":{"line":297,"column":47}},{"start":{"line":298,"column":8},"end":{"line":298,"column":10}}],"line":296}},"s":{"0":0,"1":0,"2":0,"3":0,"4":0,"5":0,"6":0,"7":0,"8":0,"9":0,"10":0,"11":0,"12":0,"13":0,"14":0,"15":0,"16":0,"17":0,"18":0,"19":0,"20":0,"21":0,"22":0,"23":0,"24":0,"25":0,"26":0,"27":0,"28":0,"29":0,"30":0,"31":0,"32":0,"33":0,"34":0,"35":0,"36":0,"37":0,"38":0,"39":0,"40":0,"41":0,"42":0,"43":0,"44":0,"45":0,"46":0,"47":0,"48":0,"49":0,"50":0,"51":0,"52":0,"53":0,"54":0,"55":0,"56":0,"57":0,"58":0,"59":0,"60":0,"61":0,"62":0,"63":0,"64":0,"65":0,"66":0,"67":0,"68":0,"69":0,"70":0,"71":0,"72":10,"73":10,"74":10,"75":0,"76":10,"77":10,"78":10,"79":10,"80":0,"81":0,"82":0,"83":0,"84":0,"85":0,"86":0,"87":0,"88":0,"89":0,"90":0,"91":0,"92":0,"93":0,"94":0,"95":0,"96":0,"97":0,"98":0,"99":0,"100":0,"101":0,"102":0,"103":0},"f":{"0":0,"1":0,"2":0,"3":0,"4":0,"5":0,"6":0,"7":10,"8":0,"9":0,"10":0},"b":{"0":[0,0],"1":[0,0],"2":[0,0],"3":[0,0],"4":[0,0],"5":[0,0],"6":[0,0],"7":[0,0],"8":[0,0],"9":[0,0],"10":[0,0],"11":[0,0],"12":[0,0],"13":[0,0],"14":[0,0],"15":[0,10],"16":[8,2],"17":[10,5],"18":[0,0],"19":[0,0],"20":[0,0],"21":[0,0]},"_coverageSchema":"1a1c01bbd47fc00a2c39e90264f33305004495a9","hash":"693fe8f4ac8fce28c37f7c1c19d83b9d1e149338"}
}
