TN:
SF:app/api/projects/update/[id]/route.ts
FN:5,PUT
FN:42,(anonymous_1)
FNF:2
FNH:2
FNDA:1,PUT
FNDA:4,(anonymous_1)
DA:6,1
DA:7,1
DA:10,1
DA:11,1
DA:13,1
DA:14,0
DA:15,0
DA:22,1
DA:24,1
DA:25,0
DA:34,1
DA:36,1
DA:38,1
DA:41,1
DA:42,1
DA:43,4
DA:44,4
DA:47,1
DA:48,0
DA:52,0
DA:65,1
DA:67,1
DA:68,0
DA:69,0
DA:84,1
DA:90,0
DA:93,0
DA:94,0
DA:95,0
DA:96,0
DA:98,0
DA:101,0
LF:32
LH:18
BRDA:13,0,0,0
BRDA:13,0,1,1
BRDA:24,1,0,0
BRDA:24,1,1,1
BRDA:44,2,0,4
BRDA:44,2,1,4
BRDA:44,2,2,4
BRDA:47,3,0,0
BRDA:47,3,1,1
BRDA:67,4,0,0
BRDA:67,4,1,1
BRDA:104,5,0,0
BRDA:104,5,1,0
BRDA:107,6,0,0
BRDA:107,6,1,0
BRDA:108,7,0,0
BRDA:108,7,1,0
BRDA:108,8,0,0
BRDA:108,8,1,0
BRF:19
BRH:7
end_of_record
TN:
SF:lib/auth-server.ts
FN:30,getRouteHandlerSupabaseClient
FN:52,ensureUserHasRole
FN:100,removeUserRole
FN:125,(anonymous_3)
FN:148,syncUserRoles
FN:200,hasRoleServer
FN:221,isAdminServer
FN:230,checkAdminPermission
FN:259,requireAdmin
FN:284,getUserRoles
FN:314,initAuthSync
FNF:11
FNH:1
FNDA:0,getRouteHandlerSupabaseClient
FNDA:0,ensureUserHasRole
FNDA:0,removeUserRole
FNDA:0,(anonymous_3)
FNDA:0,syncUserRoles
FNDA:0,hasRoleServer
FNDA:0,isAdminServer
FNDA:10,checkAdminPermission
FNDA:0,requireAdmin
FNDA:0,getUserRoles
FNDA:0,initAuthSync
DA:31,0
DA:32,0
DA:34,0
DA:35,0
DA:38,0
DA:39,0
DA:53,0
DA:54,0
DA:57,0
DA:58,0
DA:59,0
DA:60,0
DA:64,0
DA:68,0
DA:71,0
DA:72,0
DA:73,0
DA:77,0
DA:78,0
DA:81,0
DA:88,0
DA:89,0
DA:91,0
DA:92,0
DA:101,0
DA:102,0
DA:105,0
DA:106,0
DA:107,0
DA:108,0
DA:112,0
DA:116,0
DA:119,0
DA:120,0
DA:121,0
DA:125,0
DA:126,0
DA:129,0
DA:136,0
DA:137,0
DA:139,0
DA:140,0
DA:149,0
DA:150,0
DA:153,0
DA:154,0
DA:155,0
DA:156,0
DA:159,0
DA:166,0
DA:169,0
DA:173,0
DA:176,0
DA:177,0
DA:178,0
DA:179,0
DA:183,0
DA:184,0
DA:187,0
DA:189,0
DA:191,0
DA:192,0
DA:201,0
DA:202,0
DA:203,0
DA:206,0
DA:210,0
DA:212,0
DA:213,0
DA:222,0
DA:231,10
DA:233,10
DA:234,10
DA:235,0
DA:239,10
DA:242,10
DA:245,10
DA:248,10
DA:250,0
DA:251,0
DA:260,0
DA:262,0
DA:263,0
DA:266,0
DA:267,0
DA:269,0
DA:270,0
DA:274,0
DA:276,0
DA:277,0
DA:285,0
DA:286,0
DA:289,0
DA:290,0
DA:291,0
DA:292,0
DA:296,0
DA:300,0
DA:301,0
DA:303,0
DA:304,0
DA:315,0
LF:102
LH:7
BRDA:34,0,0,0
BRDA:34,0,1,0
BRDA:34,1,0,0
BRDA:34,1,1,0
BRDA:58,2,0,0
BRDA:58,2,1,0
BRDA:64,3,0,0
BRDA:64,3,1,0
BRDA:71,4,0,0
BRDA:71,4,1,0
BRDA:106,5,0,0
BRDA:106,5,1,0
BRDA:112,6,0,0
BRDA:112,6,1,0
BRDA:119,7,0,0
BRDA:119,7,1,0
BRDA:155,8,0,0
BRDA:155,8,1,0
BRDA:169,9,0,0
BRDA:169,9,1,0
BRDA:176,10,0,0
BRDA:176,10,1,0
BRDA:176,11,0,0
BRDA:176,11,1,0
BRDA:184,12,0,0
BRDA:184,12,1,0
BRDA:203,13,0,0
BRDA:203,13,1,0
BRDA:206,14,0,0
BRDA:206,14,1,0
BRDA:234,15,0,0
BRDA:234,15,1,10
BRDA:242,16,0,8
BRDA:242,16,1,2
BRDA:248,17,0,10
BRDA:248,17,1,5
BRDA:262,18,0,0
BRDA:262,18,1,0
BRDA:269,19,0,0
BRDA:269,19,1,0
BRDA:290,20,0,0
BRDA:290,20,1,0
BRDA:296,21,0,0
BRDA:296,21,1,0
BRF:44
BRH:5
end_of_record
